Scanning dependencies of target check_lab2
[100%] Testing the TCP receiver...
Test project /workspaces/cs144/sponge/build
      Start  1: t_wrapping_ints_cmp
 1/24 Test  #1: t_wrapping_ints_cmp ..............   Passed    0.00 sec
      Start  2: t_wrapping_ints_unwrap
 2/24 Test  #2: t_wrapping_ints_unwrap ...........   Passed    0.00 sec
      Start  3: t_wrapping_ints_wrap
 3/24 Test  #3: t_wrapping_ints_wrap .............   Passed    0.00 sec
      Start  4: t_recv_connect
 4/24 Test  #4: t_recv_connect ...................   Passed    0.00 sec
      Start  5: t_recv_transmit
 5/24 Test  #5: t_recv_transmit ..................   Passed    0.05 sec
      Start  6: t_recv_window
 6/24 Test  #6: t_recv_window ....................   Passed    0.00 sec
      Start  7: t_recv_reorder
 7/24 Test  #7: t_recv_reorder ...................   Passed    0.00 sec
      Start  8: t_recv_close
 8/24 Test  #8: t_recv_close .....................   Passed    0.00 sec
      Start 15: t_strm_reassem_single
 9/24 Test #15: t_strm_reassem_single ............   Passed    0.00 sec
      Start 16: t_strm_reassem_seq
10/24 Test #16: t_strm_reassem_seq ...............   Passed    0.00 sec
      Start 17: t_strm_reassem_dup
11/24 Test #17: t_strm_reassem_dup ...............   Passed    0.01 sec
      Start 18: t_strm_reassem_holes
12/24 Test #18: t_strm_reassem_holes .............   Passed    0.00 sec
      Start 19: t_strm_reassem_many
13/24 Test #19: t_strm_reassem_many ..............   Passed    0.52 sec
      Start 20: t_strm_reassem_overlapping
14/24 Test #20: t_strm_reassem_overlapping .......   Passed    0.00 sec
      Start 21: t_strm_reassem_win
15/24 Test #21: t_strm_reassem_win ...............   Passed    0.62 sec
      Start 22: t_strm_reassem_cap
16/24 Test #22: t_strm_reassem_cap ...............   Passed    0.10 sec
      Start 23: t_byte_stream_construction
17/24 Test #23: t_byte_stream_construction .......   Passed    0.00 sec
      Start 24: t_byte_stream_one_write
18/24 Test #24: t_byte_stream_one_write ..........   Passed    0.00 sec
      Start 25: t_byte_stream_two_writes
19/24 Test #25: t_byte_stream_two_writes .........   Passed    0.00 sec
      Start 26: t_byte_stream_capacity
20/24 Test #26: t_byte_stream_capacity ...........   Passed    0.45 sec
      Start 27: t_byte_stream_many_writes
21/24 Test #27: t_byte_stream_many_writes ........   Passed    0.01 sec
      Start 50: t_address_dt
22/24 Test #50: t_address_dt .....................   Passed    0.00 sec
      Start 51: t_parser_dt
23/24 Test #51: t_parser_dt ......................   Passed    0.00 sec
      Start 52: t_socket_dt
24/24 Test #52: t_socket_dt ......................   Passed    0.00 sec

100% tests passed, 0 tests failed out of 24

Total Test time (real) =   1.81 sec
[100%] Built target check_lab2
