[100%] Testing the TCP sender...
Test project /root/cs144/sponge/build
      Start  1: t_wrapping_ints_cmp
 1/33 Test  #1: t_wrapping_ints_cmp ..............   Passed    0.02 sec
      Start  2: t_wrapping_ints_unwrap
 2/33 Test  #2: t_wrapping_ints_unwrap ...........   Passed    0.01 sec
      Start  3: t_wrapping_ints_wrap
 3/33 Test  #3: t_wrapping_ints_wrap .............   Passed    0.02 sec
      Start  4: t_wrapping_ints_roundtrip
 4/33 Test  #4: t_wrapping_ints_roundtrip ........   Passed    0.88 sec
      Start  5: t_recv_connect
 5/33 Test  #5: t_recv_connect ...................   Passed    0.01 sec
      Start  6: t_recv_transmit
 6/33 Test  #6: t_recv_transmit ..................   Passed    0.17 sec
      Start  7: t_recv_window
 7/33 Test  #7: t_recv_window ....................   Passed    0.01 sec
      Start  8: t_recv_reorder
 8/33 Test  #8: t_recv_reorder ...................   Passed    0.01 sec
      Start  9: t_recv_close
 9/33 Test  #9: t_recv_close .....................   Passed    0.01 sec
      Start 10: t_recv_special
10/33 Test #10: t_recv_special ...................   Passed    0.01 sec
      Start 11: t_send_connect
11/33 Test #11: t_send_connect ...................   Passed    0.01 sec
      Start 12: t_send_transmit
12/33 Test #12: t_send_transmit ..................   Passed    0.22 sec
      Start 13: t_send_retx
13/33 Test #13: t_send_retx ......................   Passed    0.01 sec
      Start 14: t_send_window
14/33 Test #14: t_send_window ....................   Passed    0.16 sec
      Start 15: t_send_ack
15/33 Test #15: t_send_ack .......................   Passed    0.01 sec
      Start 16: t_send_close
16/33 Test #16: t_send_close .....................   Passed    0.01 sec
      Start 17: t_send_extra
17/33 Test #17: t_send_extra .....................   Passed    0.02 sec
      Start 18: t_strm_reassem_single
18/33 Test #18: t_strm_reassem_single ............   Passed    0.01 sec
      Start 19: t_strm_reassem_seq
19/33 Test #19: t_strm_reassem_seq ...............   Passed    0.01 sec
      Start 20: t_strm_reassem_dup
20/33 Test #20: t_strm_reassem_dup ...............   Passed    0.02 sec
      Start 21: t_strm_reassem_holes
21/33 Test #21: t_strm_reassem_holes .............   Passed    0.01 sec
      Start 22: t_strm_reassem_many
22/33 Test #22: t_strm_reassem_many ..............   Passed    0.76 sec
      Start 23: t_strm_reassem_overlapping
23/33 Test #23: t_strm_reassem_overlapping .......   Passed    0.01 sec
      Start 24: t_strm_reassem_win
24/33 Test #24: t_strm_reassem_win ...............   Passed    0.75 sec
      Start 25: t_strm_reassem_cap
25/33 Test #25: t_strm_reassem_cap ...............   Passed    0.26 sec
      Start 26: t_byte_stream_construction
26/33 Test #26: t_byte_stream_construction .......   Passed    0.01 sec
      Start 27: t_byte_stream_one_write
27/33 Test #27: t_byte_stream_one_write ..........   Passed    0.02 sec
      Start 28: t_byte_stream_two_writes
28/33 Test #28: t_byte_stream_two_writes .........   Passed    0.01 sec
      Start 29: t_byte_stream_capacity
29/33 Test #29: t_byte_stream_capacity ...........   Passed    1.41 sec
      Start 30: t_byte_stream_many_writes
30/33 Test #30: t_byte_stream_many_writes ........   Passed    0.04 sec
      Start 53: t_address_dt
31/33 Test #53: t_address_dt .....................   Passed    0.03 sec
      Start 54: t_parser_dt
32/33 Test #54: t_parser_dt ......................   Passed    0.01 sec
      Start 55: t_socket_dt
33/33 Test #55: t_socket_dt ......................   Passed    0.01 sec

100% tests passed, 0 tests failed out of 33

Total Test time (real) =   5.00 sec
[100%] Built target check_lab3
