Test project /root/cs144/sponge/build
    Start 1: t_wrapping_ints_cmp
1/4 Test #1: t_wrapping_ints_cmp ..............   Passed    0.00 sec
    Start 2: t_wrapping_ints_unwrap
2/4 Test #2: t_wrapping_ints_unwrap ...........   Passed    0.00 sec
    Start 3: t_wrapping_ints_wrap
3/4 Test #3: t_wrapping_ints_wrap .............   Passed    0.00 sec
    Start 4: t_wrapping_ints_roundtrip
4/4 Test #4: t_wrapping_ints_roundtrip ........   Passed    0.19 sec

100% tests passed, 0 tests failed out of 4

Total Test time (real) =   0.20 sec
